
> ar-education-frontend@1.0.0 build
> next build

   ▲ Next.js 15.5.18
   - Experiments (use with caution):
     · optimizePackageImports

   Creating an optimized production build ...
 ✓ Compiled successfully in 33.1s
   Linting and checking validity of types ...
   Collecting page data ...
   Generating static pages (0/16) ...
   Generating static pages (4/16) 
   Generating static pages (8/16) 
   Generating static pages (12/16) 
 ✓ Generating static pages (16/16)
   Finalizing page optimization ...
   Collecting build traces ...

Route (app)                                 Size  First Load JS
┌ ○ /                                      132 B         179 kB
├ ○ /_not-found                            990 B         103 kB
├ ○ /about                                 853 B         146 kB
├ ƒ /api/robots                            131 B         103 kB
├ ○ /api/sitemap                           131 B         103 kB
├ ○ /blog                                  674 B         107 kB
├ ○ /contact                               853 B         146 kB
├ ○ /countries                             674 B         107 kB
├ ○ /disclaimer                            674 B         107 kB
├ ○ /home                                  132 B         179 kB
├ ○ /privacy                               674 B         107 kB
├ ○ /services                              853 B         146 kB
├ ○ /sitemap                               131 B         103 kB
└ ○ /terms                                 674 B         107 kB
+ First Load JS shared by all             102 kB
  ├ chunks/255-4f6f48eb65b9717e.js       46.2 kB
  ├ chunks/4bd1b696-c023c6e3521b1417.js  54.2 kB
  └ other shared chunks (total)             2 kB


○  (Static)   prerendered as static content
ƒ  (Dynamic)  server-rendered on demand

